<?xml version="1.0" encoding="UTF-8"?>
<!-- Generated by org.testng.reporters.JUnitXMLReporter -->
<testsuite ignored="2" hostname="NEHA" failures="0" tests="1" name="Default test(failed)" time="21.867" errors="0" timestamp="2026-06-05T13:19:07 IST">
  <testcase classname="testcases.ContactUsTest" name="verifyContactFormSubmission" time="9.173"/>
  <testcase classname="testcases.ContactUsTest" name="verifyFileUploadSubmission" time="0.0">
    <ignored/>
  </testcase> <!-- verifyFileUploadSubmission -->
  <testcase classname="testcases.ContactUsTest" name="verifyContactUsPageNavigation" time="0.0">
    <ignored/>
  </testcase> <!-- verifyContactUsPageNavigation -->
</testsuite> <!-- Default test(failed) -->
