<?xml version="1.0" encoding="UTF-8"?>
<testng-results ignored="0" total="3" passed="2" failed="1" skipped="0">
  <reporter-output>
  </reporter-output>
  <suite started-at="2026-06-05T19:51:00 IST" name="Default suite" finished-at="2026-06-05T19:52:07 IST" duration-ms="66665">
    <groups>
    </groups>
    <test started-at="2026-06-05T19:51:00 IST" name="Default test" finished-at="2026-06-05T19:52:07 IST" duration-ms="66665">
      <class name="testcases.ContactUsTest">
        <test-method is-config="true" signature="setup()[pri:0, instance:testcases.ContactUsTest@4c12331b]" started-at="2026-06-05T19:51:00 IST" name="setup" finished-at="2026-06-05T19:51:15 IST" duration-ms="15045" status="PASS">
          <reporter-output>
          </reporter-output>
        </test-method> <!-- setup -->
        <test-method signature="verifyContactFormSubmission()[pri:0, instance:testcases.ContactUsTest@4c12331b]" started-at="2026-06-05T19:51:15 IST" name="verifyContactFormSubmission" finished-at="2026-06-05T19:51:27 IST" duration-ms="11879" status="PASS">
          <reporter-output>
          </reporter-output>
        </test-method> <!-- verifyContactFormSubmission -->
        <test-method is-config="true" signature="tearDown(org.testng.ITestResult)[pri:0, instance:testcases.ContactUsTest@4c12331b]" started-at="2026-06-05T19:51:27 IST" name="tearDown" finished-at="2026-06-05T19:51:29 IST" duration-ms="1992" status="PASS">
          <params>
            <param index="0">
              <value>
                <![CDATA[[TestResult name=verifyContactFormSubmission status=SUCCESS method=ContactUsTest.verifyContactFormSubmission()[pri:0, instance:testcases.ContactUsTest@4c12331b] output={null}]]]>
              </value>
            </param>
          </params>
          <reporter-output>
          </reporter-output>
        </test-method> <!-- tearDown -->
        <test-method is-config="true" signature="setup()[pri:0, instance:testcases.ContactUsTest@4c12331b]" started-at="2026-06-05T19:51:29 IST" name="setup" finished-at="2026-06-05T19:51:40 IST" duration-ms="10571" status="PASS">
          <reporter-output>
          </reporter-output>
        </test-method> <!-- setup -->
        <test-method signature="verifyContactUsPageNavigation()[pri:0, instance:testcases.ContactUsTest@4c12331b]" started-at="2026-06-05T19:51:40 IST" name="verifyContactUsPageNavigation" finished-at="2026-06-05T19:51:43 IST" duration-ms="3128" status="PASS">
          <reporter-output>
          </reporter-output>
        </test-method> <!-- verifyContactUsPageNavigation -->
        <test-method is-config="true" signature="tearDown(org.testng.ITestResult)[pri:0, instance:testcases.ContactUsTest@4c12331b]" started-at="2026-06-05T19:51:43 IST" name="tearDown" finished-at="2026-06-05T19:51:44 IST" duration-ms="1075" status="PASS">
          <params>
            <param index="0">
              <value>
                <![CDATA[[TestResult name=verifyContactUsPageNavigation status=SUCCESS method=ContactUsTest.verifyContactUsPageNavigation()[pri:0, instance:testcases.ContactUsTest@4c12331b] output={null}]]]>
              </value>
            </param>
          </params>
          <reporter-output>
          </reporter-output>
        </test-method> <!-- tearDown -->
        <test-method is-config="true" signature="setup()[pri:0, instance:testcases.ContactUsTest@4c12331b]" started-at="2026-06-05T19:51:44 IST" name="setup" finished-at="2026-06-05T19:51:55 IST" duration-ms="11425" status="PASS">
          <reporter-output>
          </reporter-output>
        </test-method> <!-- setup -->
        <test-method signature="verifyFileUploadSubmission()[pri:0, instance:testcases.ContactUsTest@4c12331b]" started-at="2026-06-05T19:51:55 IST" name="verifyFileUploadSubmission" finished-at="2026-06-05T19:52:03 IST" duration-ms="7642" status="FAIL">
          <exception class="org.openqa.selenium.InvalidArgumentException">
            <message>
              <![CDATA[invalid argument: File not found : C:\Users\nehaa\eclipse-workspace\AutomationExerciseFramework\testing.xml
  (Session info: chrome=148.0.7778.217)
Build info: version: '4.21.0', revision: '79ed462ef4'
System info: os.name: 'Windows 11', os.arch: 'amd64', os.version: '10.0', java.version: '21.0.11'
Driver info: org.openqa.selenium.chrome.ChromeDriver
Command: [0ed4e738c04fdb9b9629ccb5b807a04b, sendKeysToElement {id=f.B9F0689F3A9FCAC7E99864A8F1C3E287.d.0EC2F5E53EC9344972BE0BCC260B071E.e.59, value=[Ljava.lang.CharSequence;@4993febc}]
Capabilities {acceptInsecureCerts: false, browserName: chrome, browserVersion: 148.0.7778.217, chrome: {chromedriverVersion: 148.0.7778.178 (d096af1c9e9..., userDataDir: C:\Users\nehaa\AppData\Loca...}, fedcm:accounts: true, goog:chromeOptions: {debuggerAddress: localhost:61380}, goog:processID: 76628, networkConnectionEnabled: false, pageLoadStrategy: normal, platformName: windows, proxy: Proxy(), se:cdp: ws://localhost:61380/devtoo..., se:cdpVersion: 148.0.7778.217, setWindowRect: true, strictFileInteractability: false, timeouts: {implicit: 0, pageLoad: 300000, script: 30000}, unhandledPromptBehavior: dismiss and notify, webauthn:extension:credBlob: true, webauthn:extension:largeBlob: true, webauthn:extension:minPinLength: true, webauthn:extension:prf: true, webauthn:virtualAuthenticators: true}
Element: [[ChromeDriver: chrome on windows (0ed4e738c04fdb9b9629ccb5b807a04b)] -> name: upload_file]
Session ID: 0ed4e738c04fdb9b9629ccb5b807a04b]]>
            </message>
            <full-stacktrace>
              <![CDATA[org.openqa.selenium.InvalidArgumentException: invalid argument: File not found : C:\Users\nehaa\eclipse-workspace\AutomationExerciseFramework\testing.xml
  (Session info: chrome=148.0.7778.217)
Build info: version: '4.21.0', revision: '79ed462ef4'
System info: os.name: 'Windows 11', os.arch: 'amd64', os.version: '10.0', java.version: '21.0.11'
Driver info: org.openqa.selenium.chrome.ChromeDriver
Command: [0ed4e738c04fdb9b9629ccb5b807a04b, sendKeysToElement {id=f.B9F0689F3A9FCAC7E99864A8F1C3E287.d.0EC2F5E53EC9344972BE0BCC260B071E.e.59, value=[Ljava.lang.CharSequence;@4993febc}]
Capabilities {acceptInsecureCerts: false, browserName: chrome, browserVersion: 148.0.7778.217, chrome: {chromedriverVersion: 148.0.7778.178 (d096af1c9e9..., userDataDir: C:\Users\nehaa\AppData\Loca...}, fedcm:accounts: true, goog:chromeOptions: {debuggerAddress: localhost:61380}, goog:processID: 76628, networkConnectionEnabled: false, pageLoadStrategy: normal, platformName: windows, proxy: Proxy(), se:cdp: ws://localhost:61380/devtoo..., se:cdpVersion: 148.0.7778.217, setWindowRect: true, strictFileInteractability: false, timeouts: {implicit: 0, pageLoad: 300000, script: 30000}, unhandledPromptBehavior: dismiss and notify, webauthn:extension:credBlob: true, webauthn:extension:largeBlob: true, webauthn:extension:minPinLength: true, webauthn:extension:prf: true, webauthn:virtualAuthenticators: true}
Element: [[ChromeDriver: chrome on windows (0ed4e738c04fdb9b9629ccb5b807a04b)] -> name: upload_file]
Session ID: 0ed4e738c04fdb9b9629ccb5b807a04b
at java.base/jdk.internal.reflect.DirectConstructorHandleAccessor.newInstance(DirectConstructorHandleAccessor.java:62)
at java.base/java.lang.reflect.Constructor.newInstanceWithCaller(Constructor.java:502)
at java.base/java.lang.reflect.Constructor.newInstance(Constructor.java:486)
at org.openqa.selenium.remote.ErrorCodec.decode(ErrorCodec.java:167)
at org.openqa.selenium.remote.codec.w3c.W3CHttpResponseCodec.decode(W3CHttpResponseCodec.java:138)
at org.openqa.selenium.remote.codec.w3c.W3CHttpResponseCodec.decode(W3CHttpResponseCodec.java:50)
at org.openqa.selenium.remote.HttpCommandExecutor.execute(HttpCommandExecutor.java:190)
at org.openqa.selenium.remote.service.DriverCommandExecutor.invokeExecute(DriverCommandExecutor.java:216)
at org.openqa.selenium.remote.service.DriverCommandExecutor.execute(DriverCommandExecutor.java:174)
at org.openqa.selenium.remote.RemoteWebDriver.execute(RemoteWebDriver.java:518)
at org.openqa.selenium.remote.RemoteWebElement.execute(RemoteWebElement.java:223)
at org.openqa.selenium.remote.RemoteWebElement.sendKeys(RemoteWebElement.java:110)
at pages.ContactUsPage.uploadFile(ContactUsPage.java:95)
at testcases.ContactUsTest.verifyFileUploadSubmission(ContactUsTest.java:92)
at java.base/jdk.internal.reflect.DirectMethodHandleAccessor.invoke(DirectMethodHandleAccessor.java:103)
at java.base/java.lang.reflect.Method.invoke(Method.java:580)
at org.testng.internal.invokers.MethodInvocationHelper.invokeMethod(MethodInvocationHelper.java:141)
at org.testng.internal.invokers.TestInvoker.invokeMethod(TestInvoker.java:686)
at org.testng.internal.invokers.TestInvoker.invokeTestMethod(TestInvoker.java:230)
at org.testng.internal.invokers.MethodRunner.runInSequence(MethodRunner.java:63)
at org.testng.internal.invokers.TestInvoker$MethodInvocationAgent.invoke(TestInvoker.java:992)
at org.testng.internal.invokers.TestInvoker.invokeTestMethods(TestInvoker.java:203)
at org.testng.internal.invokers.TestMethodWorker.invokeTestMethods(TestMethodWorker.java:154)
at org.testng.internal.invokers.TestMethodWorker.run(TestMethodWorker.java:134)
at java.base/java.util.ArrayList.forEach(ArrayList.java:1596)
at org.testng.TestRunner.privateRun(TestRunner.java:739)
at org.testng.TestRunner.run(TestRunner.java:614)
at org.testng.SuiteRunner.runTest(SuiteRunner.java:421)
at org.testng.SuiteRunner.runSequentially(SuiteRunner.java:413)
at org.testng.SuiteRunner.privateRun(SuiteRunner.java:373)
at org.testng.SuiteRunner.run(SuiteRunner.java:312)
at org.testng.SuiteRunnerWorker.runSuite(SuiteRunnerWorker.java:52)
at org.testng.SuiteRunnerWorker.run(SuiteRunnerWorker.java:95)
at org.testng.TestNG.runSuitesSequentially(TestNG.java:1274)
at org.testng.TestNG.runSuitesLocally(TestNG.java:1208)
at org.testng.TestNG.runSuites(TestNG.java:1112)
at org.testng.TestNG.run(TestNG.java:1079)
at org.testng.remote.AbstractRemoteTestNG.run(AbstractRemoteTestNG.java:115)
at org.testng.remote.RemoteTestNG.initAndRun(RemoteTestNG.java:293)
at org.testng.remote.RemoteTestNG.main(RemoteTestNG.java:91)
]]>
            </full-stacktrace>
          </exception> <!-- org.openqa.selenium.InvalidArgumentException -->
          <reporter-output>
          </reporter-output>
        </test-method> <!-- verifyFileUploadSubmission -->
        <test-method is-config="true" signature="tearDown(org.testng.ITestResult)[pri:0, instance:testcases.ContactUsTest@4c12331b]" started-at="2026-06-05T19:52:03 IST" name="tearDown" finished-at="2026-06-05T19:52:07 IST" duration-ms="3797" status="PASS">
          <params>
            <param index="0">
              <value>
                <![CDATA[[TestResult name=verifyFileUploadSubmission status=FAILURE method=ContactUsTest.verifyFileUploadSubmission()[pri:0, instance:testcases.ContactUsTest@4c12331b] output={null}]]]>
              </value>
            </param>
          </params>
          <reporter-output>
          </reporter-output>
        </test-method> <!-- tearDown -->
      </class> <!-- testcases.ContactUsTest -->
    </test> <!-- Default test -->
  </suite> <!-- Default suite -->
</testng-results>
