<?xml version="1.0" encoding="UTF-8"?>
<!-- Generated by org.testng.reporters.JUnitReportReporter -->
<testsuite hostname="NEHA" failures="0" tests="5" name="testcases.ProductsTest" time="105.208" errors="0" timestamp="2026-06-06T18:22:25 IST" skipped="0">
  <testcase classname="testcases.ProductsTest" name="verifyAddProductToCart" time="31.930"/>
  <testcase classname="testcases.ProductsTest" name="verifyViewProduct" time="14.247"/>
  <testcase classname="testcases.ProductsTest" name="verifyWomenCategoryFilter" time="19.814"/>
  <testcase classname="testcases.ProductsTest" name="verifyProductDetails" time="17.636"/>
  <testcase classname="testcases.ProductsTest" name="verifyRemoveProductFromCart" time="21.581"/>
</testsuite> <!-- testcases.ProductsTest -->
