<?xml version="1.0" encoding="UTF-8"?>
<!-- Generated by org.testng.reporters.JUnitReportReporter -->
<testsuite hostname="NEHA" failures="0" tests="3" name="testcases.SignupTest" time="70.480" errors="0" timestamp="2026-06-06T18:22:25 IST" skipped="0">
  <testcase classname="testcases.SignupTest" name="verifyExistingEmailSignup" time="19.830"/>
  <testcase classname="testcases.SignupTest" name="verifyAccountCreation" time="23.563"/>
  <testcase classname="testcases.SignupTest" name="verifyValidUserSignup" time="27.087"/>
</testsuite> <!-- testcases.SignupTest -->
