<?xml version="1.0" encoding="UTF-8"?>
<!-- Generated by org.testng.reporters.JUnitReportReporter -->
<testsuite hostname="NEHA" failures="0" tests="3" name="testcases.SignupTest" time="115.347" errors="0" timestamp="2026-06-06T16:22:10 IST" skipped="0">
  <testcase classname="testcases.SignupTest" name="verifyValidUserSignup" time="35.931"/>
  <testcase classname="testcases.SignupTest" name="verifyExistingEmailSignup" time="32.007"/>
  <testcase classname="testcases.SignupTest" name="verifyAccountCreation" time="47.409"/>
</testsuite> <!-- testcases.SignupTest -->
