<?xml version="1.0" encoding="UTF-8"?>
<!-- Generated by org.testng.reporters.JUnitReportReporter -->
<testsuite hostname="NEHA" failures="0" tests="3" name="testcases.ContactUsTest" time="72.898" errors="0" timestamp="2026-06-06T18:22:25 IST" skipped="0">
  <testcase classname="testcases.ContactUsTest" name="verifyContactUsPageNavigation" time="16.237"/>
  <testcase classname="testcases.ContactUsTest" name="verifyFileUploadSubmission" time="35.109"/>
  <testcase classname="testcases.ContactUsTest" name="verifyContactFormSubmission" time="21.552"/>
</testsuite> <!-- testcases.ContactUsTest -->
