<?xml version="1.0" encoding="UTF-8"?>
<!-- Generated by org.testng.reporters.JUnitReportReporter -->
<testsuite hostname="NEHA" failures="0" tests="3" name="testcases.ContactUsTest" time="106.819" errors="0" timestamp="2026-06-06T16:22:10 IST" skipped="0">
  <testcase classname="testcases.ContactUsTest" name="verifyFileUploadSubmission" time="41.485"/>
  <testcase classname="testcases.ContactUsTest" name="verifyContactFormSubmission" time="38.581"/>
  <testcase classname="testcases.ContactUsTest" name="verifyContactUsPageNavigation" time="26.753"/>
</testsuite> <!-- testcases.ContactUsTest -->
